#
# There is insufficient memory for the Java Runtime Environment to continue.
# Native memory allocation (mmap) failed to map 100663296 bytes for Failed to commit area from 0x00000000a1400000 to 0x00000000a7400000 of length 100663296.
# Possible reasons:
#   The system is out of physical RAM or swap space
#   The process is running with CompressedOops enabled, and the Java Heap may be blocking the growth of the native heap
# Possible solutions:
#   Reduce memory load on the system
#   Increase physical memory or swap space
#   Check if swap backing store is full
#   Decrease Java heap size (-Xmx/-Xms)
#   Decrease number of Java threads
#   Decrease Java thread stack sizes (-Xss)
#   Set larger code cache with -XX:ReservedCodeCacheSize=
#   JVM is running with Unscaled Compressed Oops mode in which the Java heap is
#     placed in the first 4GB address space. The Java Heap base address is the
#     maximum limit for the native heap growth. Please use -XX:HeapBaseMinAddress
#     to set the Java Heap base and to place the Java Heap above 4GB virtual address.
# This output file may be truncated or incomplete.
#
#  Out of Memory Error (./open/src/hotspot/os/windows/os_windows.cpp:3315), pid=16016, tid=14932
#
# JRE version:  (14.0.2+12) (build )
# Java VM: Java HotSpot(TM) 64-Bit Server VM (14.0.2+12-46, mixed mode, sharing, tiered, compressed oops, g1 gc, windows-amd64)
# No core dump will be written. Minidumps are not enabled by default on client versions of Windows
#

---------------  S U M M A R Y ------------

Command Line: -Dfile.encoding=Cp1252 -XX:+ShowCodeDetailsInExceptionMessages test.Test1

Host: AMD Ryzen 3 3200U with Radeon Vega Mobile Gfx  , 4 cores, 5G,  Windows 10 , 64 bit Build 22000 (10.0.22000.120)
Time: Thu Aug 19 23:46:50 2021 India Standard Time elapsed time: 0 seconds (0d 0h 0m 0s)

---------------  T H R E A D  ---------------

Current thread (0x000001f352a60800):  JavaThread "Unknown thread" [_thread_in_vm, id=14932, stack(0x0000009a6c300000,0x0000009a6c400000)]

Stack: [0x0000009a6c300000,0x0000009a6c400000]
Native frames: (J=compiled Java code, j=interpreted, Vv=VM code, C=native code)
V  [jvm.dll+0x5f8a9a]
V  [jvm.dll+0x74247a]
V  [jvm.dll+0x743c2f]
V  [jvm.dll+0x744273]
V  [jvm.dll+0x20d288]
V  [jvm.dll+0x5f5dea]
V  [jvm.dll+0x5eac45]
V  [jvm.dll+0x2c7e9c]
V  [jvm.dll+0x2c7cd2]
V  [jvm.dll+0x2cdbbc]
V  [jvm.dll+0x313fe8]
V  [jvm.dll+0x313710]
V  [jvm.dll+0x2a092a]
V  [jvm.dll+0x2a1a79]
V  [jvm.dll+0x71fd48]
V  [jvm.dll+0x321c14]
V  [jvm.dll+0x70112c]
V  [jvm.dll+0x392def]
V  [jvm.dll+0x394e61]
C  [jli.dll+0x524b]
C  [ucrtbase.dll+0x26c0c]
C  [KERNEL32.DLL+0x154e0]
C  [ntdll.dll+0x485b]


---------------  P R O C E S S  ---------------

Threads class SMR info:
_java_thread_list=0x00007ffaf2f23038, length=0, elements={
}

Java Threads: ( => current thread )

Other Threads:
  0x000001f352a94800 GCTaskThread "GC Thread#0" [stack: 0x0000009a6c400000,0x0000009a6c500000] [id=16504]
  0x000001f352aa3000 ConcurrentGCThread "G1 Main Marker" [stack: 0x0000009a6c500000,0x0000009a6c600000] [id=18160]
  0x000001f352aa4800 ConcurrentGCThread "G1 Conc#0" [stack: 0x0000009a6c600000,0x0000009a6c700000] [id=10072]

[error occurred during error reporting (printing all threads), id 0xc0000005, EXCEPTION_ACCESS_VIOLATION (0xc0000005) at pc=0x00007ffaf2751257]

VM state:not at safepoint (not fully initialized)

VM Mutex/Monitor currently owned by a thread:  ([mutex/lock_event])
[0x000001f352a5b960] Heap_lock - owner thread: 0x000001f352a60800

Heap address: 0x00000000a1400000, size: 1516 MB, Compressed Oops mode: 32-bit
Narrow klass base: 0x0000000000000000, Narrow klass shift: 0

GC Heap History (0 events):
No events

Deoptimization events (0 events):
No events

Classes unloaded (0 events):
No events

Classes redefined (0 events):
No events

Internal exceptions (0 events):
No events

Events (2 events):
Event: 0.022 Loaded shared library C:\Program Files\Java\jdk-14.0.2\bin\java.dll
Event: 0.023 Loaded shared library C:\Program Files\Java\jdk-14.0.2\bin\zip.dll


Dynamic libraries:
0x00007ff6861c0000 - 0x00007ff6861cf000 	C:\Program Files\Java\jdk-14.0.2\bin\javaw.exe
0x00007ffb3cba0000 - 0x00007ffb3cda7000 	C:\WINDOWS\SYSTEM32\ntdll.dll
0x00007ffb3b880000 - 0x00007ffb3b93d000 	C:\WINDOWS\System32\KERNEL32.DLL
0x00007ffb3a3f0000 - 0x00007ffb3a764000 	C:\WINDOWS\System32\KERNELBASE.dll
0x00007ffb372e0000 - 0x00007ffb37371000 	C:\WINDOWS\SYSTEM32\apphelp.dll
0x00007ffb3a770000 - 0x00007ffb3a881000 	C:\WINDOWS\System32\ucrtbase.dll
0x00007ffb21010000 - 0x00007ffb21028000 	C:\Program Files\Java\jdk-14.0.2\bin\jli.dll
0x00007ffb3b030000 - 0x00007ffb3b0dc000 	C:\WINDOWS\System32\ADVAPI32.dll
0x00007ffb3ac00000 - 0x00007ffb3aca3000 	C:\WINDOWS\System32\msvcrt.dll
0x00007ffb3bd00000 - 0x00007ffb3bd9d000 	C:\WINDOWS\System32\sechost.dll
0x00007ffb3b750000 - 0x00007ffb3b871000 	C:\WINDOWS\System32\RPCRT4.dll
0x00007ffb3aa30000 - 0x00007ffb3abdc000 	C:\WINDOWS\System32\USER32.dll
0x00007ffb3a890000 - 0x00007ffb3a8b6000 	C:\WINDOWS\System32\win32u.dll
0x00007ffb3be90000 - 0x00007ffb3beb9000 	C:\WINDOWS\System32\GDI32.dll
0x00007ffb3a2d0000 - 0x00007ffb3a3e2000 	C:\WINDOWS\System32\gdi32full.dll
0x00007ffb3a1b0000 - 0x00007ffb3a24d000 	C:\WINDOWS\System32\msvcp_win.dll
0x00007ffb1cbf0000 - 0x00007ffb1cc05000 	C:\Program Files\Java\jdk-14.0.2\bin\VCRUNTIME140.dll
0x00007ffb25730000 - 0x00007ffb259d5000 	C:\WINDOWS\WinSxS\amd64_microsoft.windows.common-controls_6595b64144ccf1df_6.0.22000.120_none_9d947278b86cc467\COMCTL32.dll
0x00007ffb31760000 - 0x00007ffb3176a000 	C:\WINDOWS\SYSTEM32\VERSION.dll
0x00007ffb3b140000 - 0x00007ffb3b171000 	C:\WINDOWS\System32\IMM32.DLL
0x00007ffb07680000 - 0x00007ffb0771b000 	C:\Program Files\Java\jdk-14.0.2\bin\msvcp140.dll
0x00007ffaf24a0000 - 0x00007ffaf2fbe000 	C:\Program Files\Java\jdk-14.0.2\bin\server\jvm.dll
0x00007ffb3caf0000 - 0x00007ffb3caf8000 	C:\WINDOWS\System32\PSAPI.DLL
0x00007ffaed520000 - 0x00007ffaed529000 	C:\WINDOWS\SYSTEM32\WSOCK32.dll
0x00007ffb3bc30000 - 0x00007ffb3bc9f000 	C:\WINDOWS\System32\WS2_32.dll
0x00007ffb34160000 - 0x00007ffb34193000 	C:\WINDOWS\SYSTEM32\WINMM.dll
0x00007ffb39180000 - 0x00007ffb39198000 	C:\WINDOWS\SYSTEM32\kernel.appcore.dll
0x00007ffb36230000 - 0x00007ffb3623a000 	C:\Program Files\Java\jdk-14.0.2\bin\jimage.dll
0x00007ffb37e30000 - 0x00007ffb38051000 	C:\WINDOWS\SYSTEM32\DBGHELP.DLL
0x00007ffb1e450000 - 0x00007ffb1e481000 	C:\WINDOWS\SYSTEM32\dbgcore.DLL
0x00007ffb3a250000 - 0x00007ffb3a2d0000 	C:\WINDOWS\System32\bcryptPrimitives.dll
0x00007ffb21810000 - 0x00007ffb21835000 	C:\Program Files\Java\jdk-14.0.2\bin\java.dll
0x00007ffb31900000 - 0x00007ffb31916000 	C:\Program Files\Java\jdk-14.0.2\bin\zip.dll

dbghelp: loaded successfully - version: 4.0.5 - missing functions: none
symbol engine: initialized successfully - sym options: 0x614 - pdb path: .;C:\Program Files\Java\jdk-14.0.2\bin;C:\WINDOWS\SYSTEM32;C:\WINDOWS\WinSxS\amd64_microsoft.windows.common-controls_6595b64144ccf1df_6.0.22000.120_none_9d947278b86cc467;C:\Program Files\Java\jdk-14.0.2\bin\server

VM Arguments:
jvm_args: -Dfile.encoding=Cp1252 -XX:+ShowCodeDetailsInExceptionMessages 
java_command: test.Test1
java_class_path (initial): C:\Users\pranesh\eclipse-workspace\Warehouse\bin;C:\Users\pranesh\Downloads\mysql-connector.jar\mysql-connector.jar
Launcher Type: SUN_STANDARD

[Global flags]
     intx CICompilerCount                          = 3                                         {product} {ergonomic}
     uint ConcGCThreads                            = 1                                         {product} {ergonomic}
     uint G1ConcRefinementThreads                  = 4                                         {product} {ergonomic}
   size_t G1HeapRegionSize                         = 1048576                                   {product} {ergonomic}
    uintx GCDrainStackTargetSize                   = 64                                        {product} {ergonomic}
   size_t InitialHeapSize                          = 100663296                                 {product} {ergonomic}
   size_t MarkStackSize                            = 4194304                                   {product} {ergonomic}
   size_t MaxHeapSize                              = 1589641216                                {product} {ergonomic}
   size_t MinHeapDeltaBytes                        = 1048576                                   {product} {ergonomic}
   size_t MinHeapSize                              = 8388608                                   {product} {ergonomic}
    uintx NonNMethodCodeHeapSize                   = 5832780                                {pd product} {ergonomic}
    uintx NonProfiledCodeHeapSize                  = 122912730                              {pd product} {ergonomic}
    uintx ProfiledCodeHeapSize                     = 122912730                              {pd product} {ergonomic}
    uintx ReservedCodeCacheSize                    = 251658240                              {pd product} {ergonomic}
     bool SegmentedCodeCache                       = true                                      {product} {ergonomic}
     bool ShowCodeDetailsInExceptionMessages       = true                                   {manageable} {command line}
   size_t SoftMaxHeapSize                          = 1589641216                             {manageable} {ergonomic}
     bool UseCompressedClassPointers               = true                                 {lp64_product} {ergonomic}
     bool UseCompressedOops                        = true                                 {lp64_product} {ergonomic}
     bool UseG1GC                                  = true                                      {product} {ergonomic}
     bool UseLargePagesIndividualAllocation        = false                                  {pd product} {ergonomic}

Logging:
Log output configuration:
 #0: stdout all=warning uptime,level,tags
 #1: stderr all=off uptime,level,tags

Environment Variables:
JAVA_HOME=C:\Program Files\Java\jdk1.8.0_111
PATH=C:/Program Files/Java/jdk-14.0.2/bin/server;C:/Program Files/Java/jdk-14.0.2/bin;C:\Users\pranesh\AppData\Local\Programs\Python\Python38\;C:\Users\pranesh\AppData\Local\Programs\Python\Python38\Scripts;C:\Program Files (x86)\Common Files\Oracle\Java\javapath;C:\WINDOWS\system32;C:\WINDOWS;C:\WINDOWS\System32\Wbem;C:\WINDOWS\System32\WindowsPowerShell\v1.0\;C:\WINDOWS\System32\OpenSSH\;C:\Program Files\Git\cmd;C:\Program Files\Java\jdk1.8.0_111\bin;C:\Program Files\nodejs\;C:\Program Files\swipl\bin;C:\Program Files (x86)\AOMEI\AOMEI Backupper\6.5.1;C:\Users\pranesh\AppData\Local\Programs\Python\Python38\Scripts\;C:\Users\pranesh\AppData\Local\Programs\Python\Python38\;C:\Users\pranesh\AppData\Local\Programs\Python\Launcher\;C:\Users\pranesh\AppData\Local\Android\Sdk\platform-tools;C:\Users\pranesh\AppData\Local\Microsoft\WindowsApps;C:\Users\pranesh\AppData\Roaming\npm;C:\Users\pranesh\AppData\Local\Programs\Microsoft VS Code\bin;C:\Users\pranesh\AppData\Local\GitHubDesktop\bin;C:\Program Files\heroku\bin;;C:\WINDOWS\system32;
USERNAME=pranesh
OS=Windows_NT
PROCESSOR_IDENTIFIER=AMD64 Family 23 Model 24 Stepping 1, AuthenticAMD



---------------  S Y S T E M  ---------------

OS: Windows 10 , 64 bit Build 22000 (10.0.22000.120)
OS uptime: 0 days 2:13 hours
HyperV virtualization detected

CPU:total 4 (initial active 4) (4 cores per cpu, 2 threads per core) family 23 model 24 stepping 1, cmov, cx8, fxsr, mmx, sse, sse2, sse3, ssse3, sse4.1, sse4.2, popcnt, avx, avx2, aes, clmul, mmxext, 3dnowpref, lzcnt, sse4a, ht, tsc, tscinvbit, tscinv, bmi1, bmi2, adx, sha, fma

Memory: 4k page, system-wide physical 6058M (512M free)
TotalPageFile size 21163M (AvailPageFile size 14M)
current process WorkingSet (physical memory assigned to process): 11M, peak: 11M
current process commit charge ("private bytes"): 51M, peak: 147M

vm_info: Java HotSpot(TM) 64-Bit Server VM (14.0.2+12-46) for windows-amd64 JRE (14.0.2+12-46), built on Jul  9 2020 00:35:52 by "mach5one" with MS VC++ 15.9 (VS2017)

END.
